2021-09-15 17:07:00,332  INFO [main] TestDownloadAndClick:30 - Launching the selenium easy dummy site
2021-09-15 17:07:02,664  INFO [main] TestDownloadAndClick:33 - Clicking On Downloading Button 
2021-09-15 17:07:32,740  INFO [main] TestDownloadAndClick:36 - Clicking On Close Button 
2021-09-15 17:12:08,209  INFO [main] TestDownloadAndClick:30 - Launching the selenium easy dummy site
2021-09-15 17:12:10,603  INFO [main] TestDownloadAndClick:33 - Clicking On Downloading Button 
2021-09-15 17:12:40,672  INFO [main] TestDownloadAndClick:36 - Clicking On Close Button 
2021-09-15 17:31:40,024  INFO [main] TestDownloadAndClick:29 - Launching the selenium easy dummy site
2021-09-15 17:31:42,712  INFO [main] TestDownloadAndClick:32 - Clicking On Downloading Button 
2021-09-15 17:32:12,784  INFO [main] TestDownloadAndClick:35 - Clicking On Close Button 
2021-09-15 17:32:45,366  INFO [main] TestDownloadAndClick:29 - Launching the selenium easy dummy site
2021-09-15 17:32:47,703  INFO [main] TestDownloadAndClick:32 - Clicking On Downloading Button 
2021-09-15 17:33:12,768  INFO [main] TestDownloadAndClick:35 - Clicking On Close Button 
2021-09-15 17:41:43,206  INFO [main] TestDownloadAndClick:28 - Launching the selenium easy dummy site for Entering the Data
2021-09-15 17:41:47,183  INFO [main] TestDownloadAndClick:31 - Enter the Name
2021-09-15 17:41:47,249  INFO [main] TestDownloadAndClick:33 - Enter the Comment
2021-09-15 17:41:47,321  INFO [main] TestDownloadAndClick:35 - Clicling On Submit Button
2021-09-15 17:41:47,713  INFO [main] TestDownloadAndClick:37 - Varifying the Submission Msg.
2021-09-15 17:44:47,658  INFO [main] TestDownloadAndClick:29 - Launching the selenium easy dummy site
2021-09-15 17:44:50,009  INFO [main] TestDownloadAndClick:32 - Clicking On Downloading Button 
2021-09-15 17:45:15,096  INFO [main] TestDownloadAndClick:35 - Clicking On Close Button 
2021-09-15 17:45:16,992  INFO [main] TestDownloadAndClick:25 - Launching the selenium easy dummy site for Name Search Brenda tree and Validate the Phone no.
2021-09-15 17:45:18,496  INFO [main] TestDownloadAndClick:28 - Printing the Name
2021-09-15 17:45:18,523  INFO [main] TestDownloadAndClick:30 - Validate the Phone No.
2021-09-15 17:45:20,416  INFO [main] TestDownloadAndClick:28 - Launching the selenium easy dummy site for Entering the Data
2021-09-15 17:45:23,576  INFO [main] TestDownloadAndClick:31 - Enter the Name
2021-09-15 17:45:23,638  INFO [main] TestDownloadAndClick:33 - Enter the Comment
2021-09-15 17:45:23,705  INFO [main] TestDownloadAndClick:35 - Clicling On Submit Button
2021-09-15 17:45:24,505  INFO [main] TestDownloadAndClick:37 - Varifying the Submission Msg.
2021-09-15 17:45:31,972 DEBUG [main] cache:45 - Couldn't find template in cache for "Extent.ftl"("en_IN", UTF-8, parsed); will try to load it.
2021-09-15 17:45:31,974 DEBUG [main] cache:45 - TemplateLoader.findTemplateSource("Extent_en_IN.ftl"): Not found
2021-09-15 17:45:31,975 DEBUG [main] cache:45 - TemplateLoader.findTemplateSource("Extent_en.ftl"): Not found
2021-09-15 17:45:31,976 DEBUG [main] cache:45 - TemplateLoader.findTemplateSource("Extent.ftl"): Found
2021-09-15 17:45:31,977 DEBUG [main] cache:45 - Loading template for "Extent.ftl"("en_IN", UTF-8, parsed) from "jar:file:/C:/Users/GSC-30753/.m2/repository/com/relevantcodes/extentreports/2.41.2/extentreports-2.41.2.jar!/com/relevantcodes/extentreports/view/Extent.ftl"
2021-09-15 17:45:32,123 DEBUG [main] cache:45 - Couldn't find template in cache for "Extent.ftl"("en_IN", UTF-8, parsed); will try to load it.
2021-09-15 17:45:32,123 DEBUG [main] cache:45 - TemplateLoader.findTemplateSource("Extent_en_IN.ftl"): Not found
2021-09-15 17:45:32,124 DEBUG [main] cache:45 - TemplateLoader.findTemplateSource("Extent_en.ftl"): Not found
2021-09-15 17:45:32,124 DEBUG [main] cache:45 - TemplateLoader.findTemplateSource("Extent.ftl"): Found
2021-09-15 17:45:32,124 DEBUG [main] cache:45 - Loading template for "Extent.ftl"("en_IN", UTF-8, parsed) from "jar:file:/C:/Users/GSC-30753/.m2/repository/com/relevantcodes/extentreports/2.41.2/extentreports-2.41.2.jar!/com/relevantcodes/extentreports/view/Extent.ftl"
2021-09-16 11:54:18,779  INFO [main] TestDownloadAndClick:29 - Launching the selenium easy dummy site
2021-09-16 11:54:25,998  INFO [main] TestDownloadAndClick:32 - Clicking On Downloading Button 
2021-09-16 11:54:53,381  INFO [main] TestDownloadAndClick:35 - Clicking On Close Button 
2021-09-16 11:56:26,855  INFO [main] TestDownloadAndClick:28 - Launching the selenium easy dummy site for Entering the Data
2021-09-16 11:56:30,301  INFO [main] TestDownloadAndClick:31 - Enter the Name
2021-09-16 11:57:37,179  INFO [main] TestDownloadAndClick:33 - Enter the Comment
2021-09-16 12:00:03,430  INFO [main] TestDownloadAndClick:35 - Clicling On Submit Button
2021-09-16 12:01:29,968  INFO [main] TestDownloadAndClick:29 - Launching the selenium easy dummy site
2021-09-16 12:01:33,940  INFO [main] TestDownloadAndClick:32 - Clicking On Downloading Button 
2021-09-16 12:01:59,176  INFO [main] TestDownloadAndClick:35 - Clicking On Close Button 
2021-09-16 12:27:45,498  INFO [main] TestDownloadAndClick:29 - Launching the selenium easy dummy site
2021-09-16 12:27:46,880  INFO [main] TestDownloadAndClick:32 - Clicking On Downloading Button 
2021-09-16 12:27:59,049  INFO [main] TestDownloadAndClick:35 - Clicking On Close Button 
2021-09-16 12:30:53,331  INFO [main] TestDownloadAndClick:31 - Launching the selenium easy dummy site
2021-09-16 12:30:54,685  INFO [main] TestDownloadAndClick:34 - Clicking On Downloading Button 
2021-09-16 12:30:56,936  INFO [main] TestDownloadAndClick:38 - Clicking On Close Button 
2021-09-16 12:47:57,256  INFO [main] TestDownloadAndClick:25 - Launching the selenium easy dummy site for Name Search Brenda tree and Validate the Phone no.
2021-09-16 12:48:00,965  INFO [main] TestDownloadAndClick:28 - Printing the Name
2021-09-16 12:48:01,546  INFO [main] TestDownloadAndClick:30 - Validate the Phone No.
2021-09-16 12:59:48,923  INFO [main] TestDownloadAndClick:31 - Launching the selenium easy dummy site
2021-09-16 12:59:50,140  INFO [main] TestDownloadAndClick:34 - Clicking On Downloading Button 
2021-09-16 12:59:52,305  INFO [main] TestDownloadAndClick:38 - Clicking On Close Button 
2021-09-16 13:09:13,792  INFO [main] TestDownloadAndClick:31 - Launching the selenium easy dummy site
2021-09-16 13:09:19,084  INFO [main] TestDownloadAndClick:34 - Clicking On Downloading Button 
2021-09-16 13:09:19,338  INFO [main] TestDownloadAndClick:38 - Clicking On Close Button 
2021-09-16 13:10:46,321  INFO [main] TestDownloadAndClick:31 - Launching the selenium easy dummy site
2021-09-16 13:11:01,013  INFO [main] TestDownloadAndClick:34 - Clicking On Downloading Button 
2021-09-16 13:11:01,179  INFO [main] TestDownloadAndClick:38 - Clicking On Close Button 
2021-09-16 13:13:00,550  INFO [main] TestDownloadAndClick:31 - Launching the selenium easy dummy site
2021-09-16 13:13:05,512  INFO [main] TestDownloadAndClick:34 - Clicking On Downloading Button 
2021-09-16 13:13:05,780  INFO [main] TestDownloadAndClick:38 - Clicking On Close Button 
2021-09-16 13:13:48,528  INFO [main] TestDownloadAndClick:31 - Launching the selenium easy dummy site
2021-09-16 13:13:52,253  INFO [main] TestDownloadAndClick:34 - Clicking On Downloading Button 
2021-09-16 13:14:02,526  INFO [main] TestDownloadAndClick:38 - Clicking On Close Button 
2021-09-16 14:37:34,025  INFO [main] TestDownloadAndClick:25 - Launching the selenium easy dummy site for Name Search Brenda tree and Validate the Phone no.
2021-09-16 14:37:35,585  INFO [main] TestDownloadAndClick:28 - Printing the Name
2021-09-16 14:37:36,478  INFO [main] TestDownloadAndClick:30 - Validate the Phone No.
2021-09-16 14:38:28,553  INFO [main] TestDownloadAndClick:25 - Launching the selenium easy dummy site for Name Search Brenda tree and Validate the Phone no.
2021-09-16 14:38:29,914  INFO [main] TestDownloadAndClick:28 - Printing the Name
2021-09-16 14:38:30,688  INFO [main] TestDownloadAndClick:30 - Validate the Phone No.
2021-09-16 14:38:53,929  INFO [main] TestDownloadAndClick:28 - Launching the selenium easy dummy site for Entering the Data
2021-09-16 14:38:55,191  INFO [main] TestDownloadAndClick:31 - Enter the Name
2021-09-16 14:40:01,538  INFO [main] TestDownloadAndClick:33 - Enter the Comment
2021-09-16 14:42:27,702  INFO [main] TestDownloadAndClick:35 - Clicling On Submit Button
2021-09-16 14:57:06,679  INFO [main] TestDownloadAndClick:28 - Launching the selenium easy dummy site for Entering the Data
2021-09-16 14:57:07,932  INFO [main] TestDownloadAndClick:31 - Enter the Name
2021-09-16 14:58:14,703  INFO [main] TestDownloadAndClick:33 - Enter the Comment
2021-09-16 15:00:40,787  INFO [main] TestDownloadAndClick:35 - Clicling On Submit Button
2021-09-16 15:05:43,086  INFO [main] TestDownloadAndClick:28 - Launching the selenium easy dummy site for Entering the Data
2021-09-16 15:05:44,363  INFO [main] TestDownloadAndClick:31 - Enter the Name
2021-09-16 15:06:50,895  INFO [main] TestDownloadAndClick:33 - Enter the Comment
2021-09-16 15:09:17,078  INFO [main] TestDownloadAndClick:35 - Clicling On Submit Button
2021-09-16 15:11:15,746  INFO [main] TestDownloadAndClick:31 - Launching the selenium easy dummy site
2021-09-16 15:11:16,707  INFO [main] TestDownloadAndClick:34 - Clicking On Downloading Button 
2021-09-16 15:11:43,701  INFO [main] TestDownloadAndClick:38 - Clicking On Close Button 
2021-09-16 16:41:36,648  INFO [main] TestDownloadAndClick:31 - Launching the selenium easy dummy site
2021-09-16 16:41:43,884  INFO [main] TestDownloadAndClick:34 - Clicking On Downloading Button 
2021-09-16 16:41:59,139  INFO [main] TestDownloadAndClick:38 - Clicking On Close Button 
2021-09-16 16:43:28,768  INFO [main] TestDownloadAndClick:31 - Launching the selenium easy dummy site
2021-09-16 16:43:34,592  INFO [main] TestDownloadAndClick:34 - Clicking On Downloading Button 
2021-09-16 16:43:34,854  INFO [main] TestDownloadAndClick:38 - Clicking On Close Button 
2021-09-16 16:44:36,987  INFO [main] TestDownloadAndClick:31 - Launching the selenium easy dummy site
2021-09-16 16:44:44,748  INFO [main] TestDownloadAndClick:34 - Clicking On Downloading Button 
2021-09-16 16:44:45,010  INFO [main] TestDownloadAndClick:38 - Clicking On Close Button 
2021-09-16 16:49:39,022  INFO [main] TestDownloadAndClick:31 - Launching the selenium easy dummy site
2021-09-16 16:49:47,238  INFO [main] TestDownloadAndClick:34 - Clicking On Downloading Button 
2021-09-16 16:49:57,481  INFO [main] TestDownloadAndClick:38 - Clicking On Close Button 
2021-09-16 16:53:16,329  INFO [main] TestDownloadAndClick:31 - Launching the selenium easy dummy site
2021-09-16 16:53:23,774  INFO [main] TestDownloadAndClick:34 - Clicking On Downloading Button 
2021-09-16 16:53:23,907  INFO [main] TestDownloadAndClick:38 - Clicking On Close Button 
2021-09-16 16:54:53,980  INFO [main] TestDownloadAndClick:31 - Launching the selenium easy dummy site
2021-09-16 16:54:58,697  INFO [main] TestDownloadAndClick:34 - Clicking On Downloading Button 
2021-09-16 16:54:58,841  INFO [main] TestDownloadAndClick:38 - Clicking On Close Button 
2021-09-16 16:55:52,385  INFO [main] TestDownloadAndClick:31 - Launching the selenium easy dummy site
2021-09-16 16:55:57,559  INFO [main] TestDownloadAndClick:34 - Clicking On Downloading Button 
2021-09-16 16:56:12,799  INFO [main] TestDownloadAndClick:38 - Clicking On Close Button 
2021-09-16 16:57:36,277  WARN [main] TestDownloadAndClick:32 - Exception handling is needed.
2021-09-16 16:57:36,287  INFO [main] TestDownloadAndClick:33 - Launching the selenium easy dummy site
2021-09-16 16:57:46,082  INFO [main] TestDownloadAndClick:36 - Clicking On Downloading Button 
2021-09-16 16:58:01,230  INFO [main] TestDownloadAndClick:40 - Clicking On Close Button 
2021-09-17 17:50:41,250  WARN [main] TestDownloadAndClick:32 - Exception handling is needed.
2021-09-17 17:50:41,267  INFO [main] TestDownloadAndClick:33 - Launching the selenium easy dummy site
2021-09-17 17:50:45,783  INFO [main] TestDownloadAndClick:36 - Clicking On Downloading Button 
2021-09-17 17:51:00,941  INFO [main] TestDownloadAndClick:40 - Clicking On Close Button 
2021-09-20 11:13:47,175  INFO [main] TestDownloadAndClick:28 - Launching the selenium easy dummy site for Entering the Data
2021-09-20 11:13:51,352  INFO [main] TestDownloadAndClick:31 - Enter the Name
2021-09-20 11:13:51,425  INFO [main] TestDownloadAndClick:33 - Enter the Comment
2021-09-20 11:13:51,498  INFO [main] TestDownloadAndClick:35 - Clicling On Submit Button
2021-09-20 11:17:41,050  INFO [main] TestDownloadAndClick:28 - Launching the selenium easy dummy site for Entering the Data
2021-09-20 11:17:44,321  INFO [main] TestDownloadAndClick:31 - Enter the Name
2021-09-20 11:17:44,385  INFO [main] TestDownloadAndClick:33 - Enter the Comment
2021-09-20 11:17:44,445  INFO [main] TestDownloadAndClick:35 - Clicling On Submit Button
2021-09-20 12:49:59,536  INFO [main] TestDownloadAndClick:28 - Launching the selenium easy dummy site for Entering the Data
2021-09-20 12:52:23,501  INFO [main] TestDownloadAndClick:28 - Launching the selenium easy dummy site for Entering the Data
2021-09-20 12:52:28,354  INFO [main] TestDownloadAndClick:31 - Enter the Name
2021-09-20 12:52:28,665  INFO [main] TestDownloadAndClick:33 - Enter the Comment
2021-09-20 12:52:28,936  INFO [main] TestDownloadAndClick:35 - Clicling On Submit Button
2021-09-20 12:52:30,352  INFO [main] TestDownloadAndClick:37 - Varifying the Submission Msg.
2021-09-20 12:54:00,365  WARN [main] TestDownloadAndClick:32 - Exception handling is needed.
2021-09-20 12:54:00,377  INFO [main] TestDownloadAndClick:33 - Launching the selenium easy dummy site
2021-09-20 12:54:04,496  INFO [main] TestDownloadAndClick:36 - Clicking On Downloading Button 
2021-09-20 12:54:19,731  INFO [main] TestDownloadAndClick:40 - Clicking On Close Button 
2021-09-20 13:23:19,123  INFO [main] TestDownloadAndClick:25 - Launching the selenium easy dummy site for Name Search Brenda tree and Validate the Phone no.
2021-09-20 13:23:23,671  INFO [main] TestDownloadAndClick:28 - Printing the Name
2021-09-20 13:23:23,755  INFO [main] TestDownloadAndClick:30 - Validate the Phone No.
2021-09-20 18:39:53,968  WARN [main] TestDownloadAndClick:32 - Exception handling is needed.
2021-09-20 18:39:53,970  INFO [main] TestDownloadAndClick:33 - Launching the selenium easy dummy site
2021-09-20 18:39:57,945  INFO [main] TestDownloadAndClick:36 - Clicking On Downloading Button 
2021-09-20 18:40:13,006  INFO [main] TestDownloadAndClick:40 - Clicking On Close Button 
2021-09-20 18:40:26,560  INFO [main] TestDownloadAndClick:28 - Launching the selenium easy dummy site for Entering the Data
2021-09-20 18:40:32,001  INFO [main] TestDownloadAndClick:31 - Enter the Name
2021-09-20 18:40:32,060  INFO [main] TestDownloadAndClick:33 - Enter the Comment
2021-09-20 18:40:32,131  INFO [main] TestDownloadAndClick:35 - Clicling On Submit Button
2021-09-20 18:40:33,493  INFO [main] TestDownloadAndClick:37 - Varifying the Submission Msg.
2021-09-20 18:40:58,793  INFO [main] TestDownloadAndClick:25 - Launching the selenium easy dummy site for Name Search Brenda tree and Validate the Phone no.
2021-09-20 18:41:02,748  INFO [main] TestDownloadAndClick:28 - Printing the Name
2021-09-20 18:41:02,772  INFO [main] TestDownloadAndClick:30 - Validate the Phone No.
2021-09-20 20:28:08,618  INFO [main] TestDownloadAndClick:28 - Launching the selenium easy dummy site for Entering the Data
2021-09-20 20:28:14,755  INFO [main] TestDownloadAndClick:34 - Enter the Name
2021-09-20 20:28:14,994  INFO [main] TestDownloadAndClick:36 - Enter the Comment
2021-09-20 20:28:15,169  INFO [main] TestDownloadAndClick:38 - Clicling On Submit Button
2021-09-20 20:28:16,917  INFO [main] TestDownloadAndClick:40 - Varifying the Submission Msg.
2021-09-20 20:29:00,284  INFO [main] TestDownloadAndClick:28 - Launching the selenium easy dummy site for Entering the Data
2021-09-20 20:29:10,803  INFO [main] TestDownloadAndClick:34 - Enter the Name
2021-09-20 20:29:11,104  INFO [main] TestDownloadAndClick:36 - Enter the Comment
2021-09-20 20:29:11,400  INFO [main] TestDownloadAndClick:38 - Clicling On Submit Button
2021-09-20 20:29:13,648  INFO [main] TestDownloadAndClick:40 - Varifying the Submission Msg.
2021-09-20 20:30:18,712  INFO [main] TestDownloadAndClick:25 - Launching the selenium easy dummy site for Name Search Brenda tree and Validate the Phone no.
2021-09-20 20:30:23,725  INFO [main] TestDownloadAndClick:28 - Printing the Name
2021-09-20 20:30:23,842  INFO [main] TestDownloadAndClick:30 - Validate the Phone No.
2021-09-20 20:31:25,720  WARN [main] TestDownloadAndClick:32 - Exception handling is needed.
2021-09-20 20:31:25,731  INFO [main] TestDownloadAndClick:33 - Launching the selenium easy dummy site
2021-09-20 20:31:30,175  INFO [main] TestDownloadAndClick:36 - Clicking On Downloading Button 
2021-09-20 20:31:45,426  INFO [main] TestDownloadAndClick:40 - Clicking On Close Button 
2021-09-20 20:43:54,774  INFO [main] BasePageMsgBoxValidation:28 - Launching the selenium easy dummy site
2021-09-20 20:43:59,107  INFO [main] BasePageMsgBoxValidation:31 - Clicling On box1
2021-09-20 20:43:59,322  INFO [main] BasePageMsgBoxValidation:33 - Clicling On box2
2021-09-20 20:43:59,504  INFO [main] BasePageMsgBoxValidation:35 - Clicling On box3
2021-09-20 20:43:59,673  INFO [main] BasePageMsgBoxValidation:37 - Clicling On box4
2021-09-20 20:43:59,843  INFO [main] BasePageMsgBoxValidation:39 - Clicling On box5
2021-09-20 20:44:00,010  INFO [main] BasePageMsgBoxValidation:41 - Clicling On box6
2021-09-20 20:44:00,253  INFO [main] BasePageMsgBoxValidation:43 - Clicling On box7
2021-09-20 20:44:00,382  INFO [main] BasePageMsgBoxValidation:45 - Clicling On box8
2021-09-20 20:44:10,763  INFO [main] BasePageMsgBoxValidation:55 - Validating msg box1
2021-09-20 20:44:10,966  INFO [main] BasePageMsgBoxValidation:58 - Validating msg box2
2021-09-20 20:44:11,133  INFO [main] BasePageMsgBoxValidation:61 - Validating msg box3
2021-09-20 20:44:11,287  INFO [main] BasePageMsgBoxValidation:64 - Validating msg box4
2021-09-20 20:44:11,453  INFO [main] BasePageMsgBoxValidation:67 - Validating msg box5
2021-09-20 20:44:11,607  INFO [main] BasePageMsgBoxValidation:70 - Validating msg box6
2021-09-20 20:44:11,769  INFO [main] BasePageMsgBoxValidation:73 - Validating msg box7
2021-09-20 20:44:11,939  INFO [main] BasePageMsgBoxValidation:76 - Validating msg box8
2021-09-21 09:50:59,615  WARN [main] TestDownloadAndClick:32 - Exception handling is needed.
2021-09-21 09:50:59,626  INFO [main] TestDownloadAndClick:33 - Launching the selenium easy dummy site
2021-09-21 09:51:03,474  INFO [main] TestDownloadAndClick:36 - Clicking On Downloading Button 
2021-09-21 09:51:18,735  INFO [main] TestDownloadAndClick:40 - Clicking On Close Button 
2021-09-21 09:51:23,580  INFO [main] TestDownloadAndClick:25 - Launching the selenium easy dummy site for Name Search Brenda tree and Validate the Phone no.
2021-09-21 09:51:26,247  INFO [main] TestDownloadAndClick:28 - Printing the Name
2021-09-21 09:51:26,357  INFO [main] TestDownloadAndClick:30 - Validate the Phone No.
2021-09-21 09:51:31,552  INFO [main] TestDownloadAndClick:28 - Launching the selenium easy dummy site for Entering the Data
2021-09-21 09:51:35,439  INFO [main] TestDownloadAndClick:34 - Enter the Name
2021-09-21 09:51:35,699  INFO [main] TestDownloadAndClick:36 - Enter the Comment
2021-09-21 09:51:35,923  INFO [main] TestDownloadAndClick:38 - Clicling On Submit Button
2021-09-21 09:51:36,952  INFO [main] TestDownloadAndClick:40 - Varifying the Submission Msg.
2021-09-21 09:51:42,102  INFO [main] BasePageMsgBoxValidation:28 - Launching the selenium easy dummy site
2021-09-21 09:51:44,553  INFO [main] BasePageMsgBoxValidation:31 - Clicling On box1
2021-09-21 09:51:44,758  INFO [main] BasePageMsgBoxValidation:33 - Clicling On box2
2021-09-21 09:51:44,925  INFO [main] BasePageMsgBoxValidation:35 - Clicling On box3
2021-09-21 09:51:45,094  INFO [main] BasePageMsgBoxValidation:37 - Clicling On box4
2021-09-21 09:51:45,261  INFO [main] BasePageMsgBoxValidation:39 - Clicling On box5
2021-09-21 09:51:45,448  INFO [main] BasePageMsgBoxValidation:41 - Clicling On box6
2021-09-21 09:51:45,614  INFO [main] BasePageMsgBoxValidation:43 - Clicling On box7
2021-09-21 09:51:45,775  INFO [main] BasePageMsgBoxValidation:45 - Clicling On box8
2021-09-21 09:51:52,971  INFO [main] BasePageMsgBoxValidation:55 - Validating msg box1
2021-09-21 09:51:53,164  INFO [main] BasePageMsgBoxValidation:58 - Validating msg box2
2021-09-21 09:51:53,322  INFO [main] BasePageMsgBoxValidation:61 - Validating msg box3
2021-09-21 09:51:53,483  INFO [main] BasePageMsgBoxValidation:64 - Validating msg box4
2021-09-21 09:51:53,642  INFO [main] BasePageMsgBoxValidation:67 - Validating msg box5
2021-09-21 09:51:53,799  INFO [main] BasePageMsgBoxValidation:70 - Validating msg box6
2021-09-21 09:51:53,981  INFO [main] BasePageMsgBoxValidation:73 - Validating msg box7
2021-09-21 09:51:54,143  INFO [main] BasePageMsgBoxValidation:76 - Validating msg box8
2021-09-21 09:51:54,843 DEBUG [main] cache:45 - Couldn't find template in cache for "Extent.ftl"("en_IN", UTF-8, parsed); will try to load it.
2021-09-21 09:51:54,845 DEBUG [main] cache:45 - TemplateLoader.findTemplateSource("Extent_en_IN.ftl"): Not found
2021-09-21 09:51:54,847 DEBUG [main] cache:45 - TemplateLoader.findTemplateSource("Extent_en.ftl"): Not found
2021-09-21 09:51:54,849 DEBUG [main] cache:45 - TemplateLoader.findTemplateSource("Extent.ftl"): Found
2021-09-21 09:51:54,849 DEBUG [main] cache:45 - Loading template for "Extent.ftl"("en_IN", UTF-8, parsed) from "jar:file:/C:/Users/GSC-30753/.m2/repository/com/relevantcodes/extentreports/2.41.2/extentreports-2.41.2.jar!/com/relevantcodes/extentreports/view/Extent.ftl"
2021-09-21 09:51:55,268 DEBUG [main] cache:45 - Couldn't find template in cache for "Extent.ftl"("en_IN", UTF-8, parsed); will try to load it.
2021-09-21 09:51:55,269 DEBUG [main] cache:45 - TemplateLoader.findTemplateSource("Extent_en_IN.ftl"): Not found
2021-09-21 09:51:55,269 DEBUG [main] cache:45 - TemplateLoader.findTemplateSource("Extent_en.ftl"): Not found
2021-09-21 09:51:55,270 DEBUG [main] cache:45 - TemplateLoader.findTemplateSource("Extent.ftl"): Found
2021-09-21 09:51:55,270 DEBUG [main] cache:45 - Loading template for "Extent.ftl"("en_IN", UTF-8, parsed) from "jar:file:/C:/Users/GSC-30753/.m2/repository/com/relevantcodes/extentreports/2.41.2/extentreports-2.41.2.jar!/com/relevantcodes/extentreports/view/Extent.ftl"
2021-09-21 10:03:19,458  WARN [main] TestDownloadAndClick:32 - Exception handling is needed.
2021-09-21 10:03:19,466  INFO [main] TestDownloadAndClick:33 - Launching the selenium easy dummy site
2021-09-21 10:03:23,161  INFO [main] TestDownloadAndClick:36 - Clicking On Downloading Button 
2021-09-21 10:03:38,389  INFO [main] TestDownloadAndClick:40 - Clicking On Close Button 
2021-09-21 10:03:43,438  INFO [main] TestDownloadAndClick:25 - Launching the selenium easy dummy site for Name Search Brenda tree and Validate the Phone no.
2021-09-21 10:03:46,701  INFO [main] TestDownloadAndClick:28 - Printing the Name
2021-09-21 10:03:46,799  INFO [main] TestDownloadAndClick:30 - Validate the Phone No.
2021-09-21 10:03:51,698  INFO [main] TestDownloadAndClick:28 - Launching the selenium easy dummy site for Entering the Data
2021-09-21 10:03:55,498  INFO [main] TestDownloadAndClick:34 - Enter the Name
2021-09-21 10:03:55,791  INFO [main] TestDownloadAndClick:36 - Enter the Comment
2021-09-21 10:03:56,052  INFO [main] TestDownloadAndClick:38 - Clicling On Submit Button
2021-09-21 10:03:57,312  INFO [main] TestDownloadAndClick:40 - Varifying the Submission Msg.
2021-09-21 10:04:02,414  INFO [main] BasePageMsgBoxValidation:28 - Launching the selenium easy dummy site
2021-09-21 10:04:05,171  INFO [main] BasePageMsgBoxValidation:31 - Clicling On box1
2021-09-21 10:04:05,398  INFO [main] BasePageMsgBoxValidation:33 - Clicling On box2
2021-09-21 10:04:05,586  INFO [main] BasePageMsgBoxValidation:35 - Clicling On box3
2021-09-21 10:04:05,781  INFO [main] BasePageMsgBoxValidation:37 - Clicling On box4
2021-09-21 10:04:05,958  INFO [main] BasePageMsgBoxValidation:39 - Clicling On box5
2021-09-21 10:04:06,122  INFO [main] BasePageMsgBoxValidation:41 - Clicling On box6
2021-09-21 10:04:06,269  INFO [main] BasePageMsgBoxValidation:43 - Clicling On box7
2021-09-21 10:04:06,435  INFO [main] BasePageMsgBoxValidation:45 - Clicling On box8
2021-09-21 10:04:14,624  INFO [main] BasePageMsgBoxValidation:55 - Validating msg box1
2021-09-21 10:04:14,799  INFO [main] BasePageMsgBoxValidation:58 - Validating msg box2
2021-09-21 10:04:14,980  INFO [main] BasePageMsgBoxValidation:61 - Validating msg box3
2021-09-21 10:04:15,182  INFO [main] BasePageMsgBoxValidation:64 - Validating msg box4
2021-09-21 10:04:15,342  INFO [main] BasePageMsgBoxValidation:67 - Validating msg box5
2021-09-21 10:04:15,505  INFO [main] BasePageMsgBoxValidation:70 - Validating msg box6
2021-09-21 10:04:15,674  INFO [main] BasePageMsgBoxValidation:73 - Validating msg box7
2021-09-21 10:04:15,849  INFO [main] BasePageMsgBoxValidation:76 - Validating msg box8
2021-09-21 10:04:16,718 DEBUG [main] cache:45 - Couldn't find template in cache for "Extent.ftl"("en_IN", UTF-8, parsed); will try to load it.
2021-09-21 10:04:16,722 DEBUG [main] cache:45 - TemplateLoader.findTemplateSource("Extent_en_IN.ftl"): Not found
2021-09-21 10:04:16,727 DEBUG [main] cache:45 - TemplateLoader.findTemplateSource("Extent_en.ftl"): Not found
2021-09-21 10:04:16,731 DEBUG [main] cache:45 - TemplateLoader.findTemplateSource("Extent.ftl"): Found
2021-09-21 10:04:16,732 DEBUG [main] cache:45 - Loading template for "Extent.ftl"("en_IN", UTF-8, parsed) from "jar:file:/C:/Users/GSC-30753/.m2/repository/com/relevantcodes/extentreports/2.41.2/extentreports-2.41.2.jar!/com/relevantcodes/extentreports/view/Extent.ftl"
2021-09-21 10:04:17,068 DEBUG [main] cache:45 - Couldn't find template in cache for "Extent.ftl"("en_IN", UTF-8, parsed); will try to load it.
2021-09-21 10:04:17,069 DEBUG [main] cache:45 - TemplateLoader.findTemplateSource("Extent_en_IN.ftl"): Not found
2021-09-21 10:04:17,069 DEBUG [main] cache:45 - TemplateLoader.findTemplateSource("Extent_en.ftl"): Not found
2021-09-21 10:04:17,070 DEBUG [main] cache:45 - TemplateLoader.findTemplateSource("Extent.ftl"): Found
2021-09-21 10:04:17,070 DEBUG [main] cache:45 - Loading template for "Extent.ftl"("en_IN", UTF-8, parsed) from "jar:file:/C:/Users/GSC-30753/.m2/repository/com/relevantcodes/extentreports/2.41.2/extentreports-2.41.2.jar!/com/relevantcodes/extentreports/view/Extent.ftl"
2021-09-21 10:15:03,749  WARN [main] TestDownloadAndClick:32 - Exception handling is needed.
2021-09-21 10:15:03,757  INFO [main] TestDownloadAndClick:33 - Launching the selenium easy dummy site
2021-09-21 10:15:23,563  INFO [main] TestDownloadAndClick:36 - Clicking On Downloading Button 
2021-09-21 10:15:38,783  INFO [main] TestDownloadAndClick:40 - Clicking On Close Button 
2021-09-21 10:15:44,395  INFO [main] TestDownloadAndClick:25 - Launching the selenium easy dummy site for Name Search Brenda tree and Validate the Phone no.
2021-09-21 10:15:47,724  INFO [main] TestDownloadAndClick:28 - Printing the Name
2021-09-21 10:15:47,822  INFO [main] TestDownloadAndClick:30 - Validate the Phone No.
2021-09-21 10:15:52,324  INFO [main] TestDownloadAndClick:28 - Launching the selenium easy dummy site for Entering the Data
2021-09-21 10:16:07,543  INFO [main] TestDownloadAndClick:34 - Enter the Name
2021-09-21 10:16:07,813  INFO [main] TestDownloadAndClick:36 - Enter the Comment
2021-09-21 10:16:08,114  INFO [main] TestDownloadAndClick:38 - Clicling On Submit Button
2021-09-21 10:16:09,235  INFO [main] TestDownloadAndClick:40 - Varifying the Submission Msg.
2021-09-21 10:16:13,634  INFO [main] BasePageMsgBoxValidation:28 - Launching the selenium easy dummy site
2021-09-21 10:16:18,274  INFO [main] BasePageMsgBoxValidation:31 - Clicling On box1
2021-09-21 10:16:18,472  INFO [main] BasePageMsgBoxValidation:33 - Clicling On box2
2021-09-21 10:16:18,669  INFO [main] BasePageMsgBoxValidation:35 - Clicling On box3
2021-09-21 10:16:18,833  INFO [main] BasePageMsgBoxValidation:37 - Clicling On box4
2021-09-21 10:16:19,000  INFO [main] BasePageMsgBoxValidation:39 - Clicling On box5
2021-09-21 10:16:19,177  INFO [main] BasePageMsgBoxValidation:41 - Clicling On box6
2021-09-21 10:16:19,576  INFO [main] BasePageMsgBoxValidation:43 - Clicling On box7
2021-09-21 10:16:19,706  INFO [main] BasePageMsgBoxValidation:45 - Clicling On box8
2021-09-21 10:16:28,125  INFO [main] BasePageMsgBoxValidation:55 - Validating msg box1
2021-09-21 10:16:28,312  INFO [main] BasePageMsgBoxValidation:58 - Validating msg box2
2021-09-21 10:16:28,508  INFO [main] BasePageMsgBoxValidation:61 - Validating msg box3
2021-09-21 10:16:28,690  INFO [main] BasePageMsgBoxValidation:64 - Validating msg box4
2021-09-21 10:16:28,865  INFO [main] BasePageMsgBoxValidation:67 - Validating msg box5
2021-09-21 10:16:29,034  INFO [main] BasePageMsgBoxValidation:70 - Validating msg box6
2021-09-21 10:16:29,214  INFO [main] BasePageMsgBoxValidation:73 - Validating msg box7
2021-09-21 10:16:29,379  INFO [main] BasePageMsgBoxValidation:76 - Validating msg box8
2021-09-21 10:16:30,212 DEBUG [main] cache:45 - Couldn't find template in cache for "Extent.ftl"("en_IN", UTF-8, parsed); will try to load it.
2021-09-21 10:16:30,214 DEBUG [main] cache:45 - TemplateLoader.findTemplateSource("Extent_en_IN.ftl"): Not found
2021-09-21 10:16:30,217 DEBUG [main] cache:45 - TemplateLoader.findTemplateSource("Extent_en.ftl"): Not found
2021-09-21 10:16:30,219 DEBUG [main] cache:45 - TemplateLoader.findTemplateSource("Extent.ftl"): Found
2021-09-21 10:16:30,220 DEBUG [main] cache:45 - Loading template for "Extent.ftl"("en_IN", UTF-8, parsed) from "jar:file:/C:/Users/GSC-30753/.m2/repository/com/relevantcodes/extentreports/2.41.2/extentreports-2.41.2.jar!/com/relevantcodes/extentreports/view/Extent.ftl"
2021-09-21 10:16:30,608 DEBUG [main] cache:45 - Couldn't find template in cache for "Extent.ftl"("en_IN", UTF-8, parsed); will try to load it.
2021-09-21 10:16:30,609 DEBUG [main] cache:45 - TemplateLoader.findTemplateSource("Extent_en_IN.ftl"): Not found
2021-09-21 10:16:30,609 DEBUG [main] cache:45 - TemplateLoader.findTemplateSource("Extent_en.ftl"): Not found
2021-09-21 10:16:30,610 DEBUG [main] cache:45 - TemplateLoader.findTemplateSource("Extent.ftl"): Found
2021-09-21 10:16:30,611 DEBUG [main] cache:45 - Loading template for "Extent.ftl"("en_IN", UTF-8, parsed) from "jar:file:/C:/Users/GSC-30753/.m2/repository/com/relevantcodes/extentreports/2.41.2/extentreports-2.41.2.jar!/com/relevantcodes/extentreports/view/Extent.ftl"
2021-09-21 11:17:32,144  WARN [main] TestDownloadAndClick:32 - Exception handling is needed.
2021-09-21 11:17:32,153  INFO [main] TestDownloadAndClick:33 - Launching the selenium easy dummy site
2021-09-21 11:17:37,391  INFO [main] TestDownloadAndClick:36 - Clicking On Downloading Button 
2021-09-21 11:17:52,633  INFO [main] TestDownloadAndClick:40 - Clicking On Close Button 
2021-09-21 11:17:57,017  INFO [main] TestDownloadAndClick:25 - Launching the selenium easy dummy site for Name Search Brenda tree and Validate the Phone no.
2021-09-21 11:18:00,828  INFO [main] TestDownloadAndClick:28 - Printing the Name
2021-09-21 11:18:00,919  INFO [main] TestDownloadAndClick:30 - Validate the Phone No.
2021-09-21 11:18:05,640  INFO [main] TestDownloadAndClick:28 - Launching the selenium easy dummy site for Entering the Data
2021-09-21 11:18:21,065  INFO [main] TestDownloadAndClick:34 - Enter the Name
2021-09-21 11:18:21,329  INFO [main] TestDownloadAndClick:36 - Enter the Comment
2021-09-21 11:18:21,573  INFO [main] TestDownloadAndClick:38 - Clicling On Submit Button
2021-09-21 11:18:23,363  INFO [main] TestDownloadAndClick:40 - Varifying the Submission Msg.
2021-09-21 11:18:27,968  INFO [main] BasePageMsgBoxValidation:28 - Launching the selenium easy dummy site
2021-09-21 11:18:31,472  INFO [main] BasePageMsgBoxValidation:31 - Clicling On box1
2021-09-21 11:18:31,701  INFO [main] BasePageMsgBoxValidation:33 - Clicling On box2
2021-09-21 11:18:31,891  INFO [main] BasePageMsgBoxValidation:35 - Clicling On box3
2021-09-21 11:18:32,071  INFO [main] BasePageMsgBoxValidation:37 - Clicling On box4
2021-09-21 11:18:32,240  INFO [main] BasePageMsgBoxValidation:39 - Clicling On box5
2021-09-21 11:18:32,414  INFO [main] BasePageMsgBoxValidation:41 - Clicling On box6
2021-09-21 11:18:32,578  INFO [main] BasePageMsgBoxValidation:43 - Clicling On box7
2021-09-21 11:18:32,735  INFO [main] BasePageMsgBoxValidation:45 - Clicling On box8
2021-09-21 11:18:41,042  INFO [main] BasePageMsgBoxValidation:55 - Validating msg box1
2021-09-21 11:18:41,228  INFO [main] BasePageMsgBoxValidation:58 - Validating msg box2
2021-09-21 11:18:41,410  INFO [main] BasePageMsgBoxValidation:61 - Validating msg box3
2021-09-21 11:18:41,587  INFO [main] BasePageMsgBoxValidation:64 - Validating msg box4
2021-09-21 11:18:41,755  INFO [main] BasePageMsgBoxValidation:67 - Validating msg box5
2021-09-21 11:18:41,909  INFO [main] BasePageMsgBoxValidation:70 - Validating msg box6
2021-09-21 11:18:42,081  INFO [main] BasePageMsgBoxValidation:73 - Validating msg box7
2021-09-21 11:18:42,240  INFO [main] BasePageMsgBoxValidation:76 - Validating msg box8
2021-09-21 11:18:43,032 DEBUG [main] cache:45 - Couldn't find template in cache for "Extent.ftl"("en_IN", UTF-8, parsed); will try to load it.
2021-09-21 11:18:43,036 DEBUG [main] cache:45 - TemplateLoader.findTemplateSource("Extent_en_IN.ftl"): Not found
2021-09-21 11:18:43,041 DEBUG [main] cache:45 - TemplateLoader.findTemplateSource("Extent_en.ftl"): Not found
2021-09-21 11:18:43,045 DEBUG [main] cache:45 - TemplateLoader.findTemplateSource("Extent.ftl"): Found
2021-09-21 11:18:43,046 DEBUG [main] cache:45 - Loading template for "Extent.ftl"("en_IN", UTF-8, parsed) from "jar:file:/C:/Users/GSC-30753/.m2/repository/com/relevantcodes/extentreports/2.41.2/extentreports-2.41.2.jar!/com/relevantcodes/extentreports/view/Extent.ftl"
2021-09-21 11:18:43,681 DEBUG [main] cache:45 - Couldn't find template in cache for "Extent.ftl"("en_IN", UTF-8, parsed); will try to load it.
2021-09-21 11:18:43,683 DEBUG [main] cache:45 - TemplateLoader.findTemplateSource("Extent_en_IN.ftl"): Not found
2021-09-21 11:18:43,683 DEBUG [main] cache:45 - TemplateLoader.findTemplateSource("Extent_en.ftl"): Not found
2021-09-21 11:18:43,684 DEBUG [main] cache:45 - TemplateLoader.findTemplateSource("Extent.ftl"): Found
2021-09-21 11:18:43,685 DEBUG [main] cache:45 - Loading template for "Extent.ftl"("en_IN", UTF-8, parsed) from "jar:file:/C:/Users/GSC-30753/.m2/repository/com/relevantcodes/extentreports/2.41.2/extentreports-2.41.2.jar!/com/relevantcodes/extentreports/view/Extent.ftl"
2021-09-21 17:00:27,127  WARN [main] TestDownloadAndClick:32 - Exception handling is needed.
2021-09-21 17:00:27,135  INFO [main] TestDownloadAndClick:33 - Launching the selenium easy dummy site
2021-09-21 17:00:32,491  INFO [main] TestDownloadAndClick:36 - Clicking On Downloading Button 
2021-09-21 17:00:47,720  INFO [main] TestDownloadAndClick:40 - Clicking On Close Button 
2021-09-21 17:00:51,933  INFO [main] TestDownloadAndClick:25 - Launching the selenium easy dummy site for Name Search Brenda tree and Validate the Phone no.
2021-09-21 17:00:56,599  INFO [main] TestDownloadAndClick:28 - Printing the Name
2021-09-21 17:00:56,711  INFO [main] TestDownloadAndClick:30 - Validate the Phone No.
2021-09-21 17:01:01,796  INFO [main] TestDownloadAndClick:28 - Launching the selenium easy dummy site for Entering the Data
2021-09-21 17:01:13,563  INFO [main] TestDownloadAndClick:34 - Enter the Name
2021-09-21 17:01:13,888  INFO [main] TestDownloadAndClick:36 - Enter the Comment
2021-09-21 17:01:14,201  INFO [main] TestDownloadAndClick:38 - Clicling On Submit Button
2021-09-21 17:01:15,741  INFO [main] TestDownloadAndClick:40 - Varifying the Submission Msg.
2021-09-21 17:01:20,649  INFO [main] BasePageMsgBoxValidation:28 - Launching the selenium easy dummy site
2021-09-21 17:01:25,924  INFO [main] BasePageMsgBoxValidation:31 - Clicling On box1
2021-09-21 17:01:26,133  INFO [main] BasePageMsgBoxValidation:33 - Clicling On box2
2021-09-21 17:01:26,324  INFO [main] BasePageMsgBoxValidation:35 - Clicling On box3
2021-09-21 17:01:26,512  INFO [main] BasePageMsgBoxValidation:37 - Clicling On box4
2021-09-21 17:01:26,686  INFO [main] BasePageMsgBoxValidation:39 - Clicling On box5
2021-09-21 17:01:26,868  INFO [main] BasePageMsgBoxValidation:41 - Clicling On box6
2021-09-21 17:01:27,033  INFO [main] BasePageMsgBoxValidation:43 - Clicling On box7
2021-09-21 17:01:27,207  INFO [main] BasePageMsgBoxValidation:45 - Clicling On box8
2021-09-21 17:01:38,355  INFO [main] BasePageMsgBoxValidation:55 - Validating msg box1
2021-09-21 17:01:38,583  INFO [main] BasePageMsgBoxValidation:58 - Validating msg box2
2021-09-21 17:01:38,780  INFO [main] BasePageMsgBoxValidation:61 - Validating msg box3
2021-09-21 17:01:38,981  INFO [main] BasePageMsgBoxValidation:64 - Validating msg box4
2021-09-21 17:01:39,158  INFO [main] BasePageMsgBoxValidation:67 - Validating msg box5
2021-09-21 17:01:39,326  INFO [main] BasePageMsgBoxValidation:70 - Validating msg box6
2021-09-21 17:01:39,505  INFO [main] BasePageMsgBoxValidation:73 - Validating msg box7
2021-09-21 17:01:39,669  INFO [main] BasePageMsgBoxValidation:76 - Validating msg box8
2021-09-21 17:01:40,638 DEBUG [main] cache:45 - Couldn't find template in cache for "Extent.ftl"("en_IN", UTF-8, parsed); will try to load it.
2021-09-21 17:01:40,641 DEBUG [main] cache:45 - TemplateLoader.findTemplateSource("Extent_en_IN.ftl"): Not found
2021-09-21 17:01:40,645 DEBUG [main] cache:45 - TemplateLoader.findTemplateSource("Extent_en.ftl"): Not found
2021-09-21 17:01:40,647 DEBUG [main] cache:45 - TemplateLoader.findTemplateSource("Extent.ftl"): Found
2021-09-21 17:01:40,648 DEBUG [main] cache:45 - Loading template for "Extent.ftl"("en_IN", UTF-8, parsed) from "jar:file:/C:/Users/GSC-30753/.m2/repository/com/relevantcodes/extentreports/2.41.2/extentreports-2.41.2.jar!/com/relevantcodes/extentreports/view/Extent.ftl"
2021-09-21 17:01:40,976 DEBUG [main] cache:45 - Couldn't find template in cache for "Extent.ftl"("en_IN", UTF-8, parsed); will try to load it.
2021-09-21 17:01:40,977 DEBUG [main] cache:45 - TemplateLoader.findTemplateSource("Extent_en_IN.ftl"): Not found
2021-09-21 17:01:40,977 DEBUG [main] cache:45 - TemplateLoader.findTemplateSource("Extent_en.ftl"): Not found
2021-09-21 17:01:40,978 DEBUG [main] cache:45 - TemplateLoader.findTemplateSource("Extent.ftl"): Found
2021-09-21 17:01:40,978 DEBUG [main] cache:45 - Loading template for "Extent.ftl"("en_IN", UTF-8, parsed) from "jar:file:/C:/Users/GSC-30753/.m2/repository/com/relevantcodes/extentreports/2.41.2/extentreports-2.41.2.jar!/com/relevantcodes/extentreports/view/Extent.ftl"
